<?xml version="1.0" encoding="UTF-8"?>
<testng-results ignored="0" total="1" passed="1" failed="0" skipped="0">
  <reporter-output>
  </reporter-output>
  <suite started-at="2023-12-26T20:19:19 IST" name="TestngSuite" finished-at="2023-12-26T20:19:39 IST" duration-ms="19497">
    <groups>
    </groups>
    <test started-at="2023-12-26T20:19:19 IST" name="Test" finished-at="2023-12-26T20:19:39 IST" duration-ms="19497">
      <class name="testCases.TC001_NewAccount">
        <test-method is-config="true" signature="setup(java.lang.String)[pri:0, instance:testCases.TC001_NewAccount@1fa268de]" started-at="2023-12-26T20:19:20 IST" name="setup" finished-at="2023-12-26T20:19:27 IST" duration-ms="7249" status="PASS">
          <params>
            <param index="0">
              <value>
                <![CDATA[chrome]]>
              </value>
            </param>
          </params>
          <reporter-output>
          </reporter-output>
        </test-method> <!-- setup -->
        <test-method signature="test_NewAccount(java.lang.String,java.lang.String,java.lang.String,java.lang.String,java.lang.String,java.lang.String,java.lang.String)[pri:0, instance:testCases.TC001_NewAccount@1fa268de]" started-at="2023-12-26T20:19:30 IST" name="test_NewAccount" data-provider="na" finished-at="2023-12-26T20:19:39 IST" duration-ms="8946" status="PASS">
          <params>
            <param index="0">
              <value>
                <![CDATA[kamal]]>
              </value>
            </param>
            <param index="1">
              <value>
                <![CDATA[kamal1234]]>
              </value>
            </param>
            <param index="2">
              <value>
                <![CDATA[Kamal@1234]]>
              </value>
            </param>
            <param index="3">
              <value>
                <![CDATA[20]]>
              </value>
            </param>
            <param index="4">
              <value>
                <![CDATA[JUN]]>
              </value>
            </param>
            <param index="5">
              <value>
                <![CDATA[2000]]>
              </value>
            </param>
            <param index="6">
              <value>
                <![CDATA[India]]>
              </value>
            </param>
          </params>
          <reporter-output>
          </reporter-output>
        </test-method> <!-- test_NewAccount -->
        <test-method is-config="true" signature="teardown()[pri:0, instance:testCases.TC001_NewAccount@1fa268de]" started-at="2023-12-26T20:19:39 IST" name="teardown" finished-at="2023-12-26T20:19:39 IST" duration-ms="264" status="PASS">
          <reporter-output>
          </reporter-output>
        </test-method> <!-- teardown -->
      </class> <!-- testCases.TC001_NewAccount -->
    </test> <!-- Test -->
  </suite> <!-- TestngSuite -->
</testng-results>
